2022-12-02 13:50:15,014 INFO     =====API STARTED=====
2022-12-02 13:50:15,029 INFO     [31m[1mWARNING: This is a development server. Do not use it in a production deployment. Use a production WSGI server instead.[0m
 * Running on http://127.0.0.1:5000
2022-12-02 13:50:15,029 INFO     [33mPress CTRL+C to quit[0m
2022-12-02 13:50:15,031 INFO      * Restarting with stat
2022-12-02 13:50:15,681 INFO     =====API STARTED=====
2022-12-02 13:50:15,693 WARNING   * Debugger is active!
2022-12-02 13:50:15,695 INFO      * Debugger PIN: 112-621-135
2022-12-02 13:50:29,333 WARNING  Data not inserted or updated:
id                                  2
name                         Ty Hofer
datetime         2021-05-30T05:43:46Z
department_id                     8.0
job_id                               
Name: 1, dtype: object
2022-12-02 13:50:29,484 WARNING  Data not inserted or updated:
id                                 67
name                     Thia Morican
datetime         2021-03-10T19:27:10Z
department_id                        
job_id                          104.0
Name: 66, dtype: object
2022-12-02 13:50:29,525 WARNING  Data not inserted or updated:
id                                 84
name                   Ludvig Norwood
datetime         2021-02-26T18:47:53Z
department_id                     3.0
job_id                               
Name: 83, dtype: object
2022-12-02 13:50:29,530 WARNING  Data not inserted or updated:
id                                  87
name             Cirstoforo Martinetto
datetime          2021-10-15T09:19:20Z
department_id                         
job_id                            84.0
Name: 86, dtype: object
2022-12-02 13:50:29,552 WARNING  Data not inserted or updated:
id                                 97
name                    Beltran Natte
datetime         2021-11-01T05:12:01Z
department_id                        
job_id                           67.0
Name: 96, dtype: object
2022-12-02 13:50:29,635 WARNING  Data not inserted or updated:
id                                133
name                    Jennine Wapol
datetime         2022-01-24T14:45:57Z
department_id                        
job_id                           49.0
Name: 132, dtype: object
2022-12-02 13:50:29,693 WARNING  Data not inserted or updated:
id                           157
name             Kellia Barribal
datetime                        
department_id                4.0
job_id                      61.0
Name: 156, dtype: object
2022-12-02 13:50:29,797 WARNING  Data not inserted or updated:
id                                198
name                   Carline Fryman
datetime         2021-05-29T00:23:02Z
department_id                     5.0
job_id                               
Name: 197, dtype: object
2022-12-02 13:50:29,815 WARNING  Data not inserted or updated:
id                                207
name                      Ahmad Fader
datetime         2021-05-03T04:57:25Z
department_id                        
job_id                           66.0
Name: 206, dtype: object
2022-12-02 13:50:29,835 WARNING  Data not inserted or updated:
id                                216
name                 Theobald Tzarkov
datetime         2022-01-26T14:56:48Z
department_id                        
job_id                           87.0
Name: 215, dtype: object
2022-12-02 13:50:30,266 WARNING  Data not inserted or updated:
id                                393
name                    Bogey Hanwell
datetime         2022-01-05T17:29:34Z
department_id                     6.0
job_id                               
Name: 392, dtype: object
2022-12-02 13:50:30,601 WARNING  Data not inserted or updated:
id                                533
name                Tiertza Vanyashin
datetime         2022-02-04T20:16:06Z
department_id                     3.0
job_id                               
Name: 532, dtype: object
2022-12-02 13:50:31,013 WARNING  Data not inserted or updated:
id                        663
name             Catha Gowrie
datetime                     
department_id             4.0
job_id                   85.0
Name: 662, dtype: object
2022-12-02 13:50:31,067 WARNING  Data not inserted or updated:
id                                685
name                      Bruno Pales
datetime         2022-01-16T19:23:39Z
department_id                        
job_id                           92.0
Name: 684, dtype: object
2022-12-02 13:50:31,243 WARNING  Data not inserted or updated:
id                                758
name                     Dyanne Rainy
datetime         2021-06-11T00:56:42Z
department_id                     8.0
job_id                               
Name: 757, dtype: object
2022-12-02 13:50:31,315 WARNING  Data not inserted or updated:
id                           789
name             Jennine Fakeley
datetime                        
department_id                2.0
job_id                      94.0
Name: 788, dtype: object
2022-12-02 13:50:31,322 WARNING  Data not inserted or updated:
id                                792
name                   Hetty Cawthery
datetime         2022-01-21T11:08:04Z
department_id                    10.0
job_id                               
Name: 791, dtype: object
2022-12-02 13:50:31,396 WARNING  Data not inserted or updated:
id                                824
name                 Kaitlynn Rannald
datetime         2021-04-18T15:11:19Z
department_id                        
job_id                           64.0
Name: 823, dtype: object
2022-12-02 13:50:31,413 WARNING  Data not inserted or updated:
id                                832
name                      Letta Paull
datetime         2021-10-29T02:35:02Z
department_id                        
job_id                          122.0
Name: 831, dtype: object
2022-12-02 13:50:31,698 WARNING  Data not inserted or updated:
id                                932
name                    Celeste Stops
datetime         2021-02-07T22:14:01Z
department_id                     8.0
job_id                               
Name: 931, dtype: object
2022-12-02 13:50:31,718 WARNING  Data not inserted or updated:
id                                942
name                  Joaquin Kamenar
datetime         2021-11-29T11:54:05Z
department_id                        
job_id                           64.0
Name: 941, dtype: object
2022-12-02 13:50:31,748 WARNING  Data not inserted or updated:
id                                955
name                       Shena Gore
datetime         2021-08-16T21:25:08Z
department_id                     9.0
job_id                               
Name: 954, dtype: object
2022-12-02 13:50:31,761 WARNING  Data not inserted or updated:
id                                961
name               Lionello Andriesse
datetime         2022-02-12T05:19:44Z
department_id                     8.0
job_id                               
Name: 960, dtype: object
2022-12-02 13:50:31,906 INFO     127.0.0.1 - - [02/Dec/2022 13:50:31] "POST /api/csv HTTP/1.1" 200 -
2022-12-02 14:48:19,275 INFO     =====API STARTED=====
2022-12-02 14:48:57,082 INFO     =====API STARTED=====
2022-12-02 14:48:57,102 INFO     [31m[1mWARNING: This is a development server. Do not use it in a production deployment. Use a production WSGI server instead.[0m
 * Running on http://127.0.0.1:5000
2022-12-02 14:48:57,102 INFO     [33mPress CTRL+C to quit[0m
2022-12-02 14:48:57,105 INFO      * Restarting with stat
2022-12-02 14:48:57,768 INFO     =====API STARTED=====
2022-12-02 14:48:57,780 WARNING   * Debugger is active!
2022-12-02 14:48:57,785 INFO      * Debugger PIN: 112-621-135
2022-12-02 14:49:01,901 INFO     127.0.0.1 - - [02/Dec/2022 14:49:01] "[35m[1mPOST /api/create_avro HTTP/1.1[0m" 500 -
2022-12-02 14:51:17,596 INFO     =====API STARTED=====
2022-12-02 14:51:17,614 INFO     [31m[1mWARNING: This is a development server. Do not use it in a production deployment. Use a production WSGI server instead.[0m
 * Running on http://127.0.0.1:5000
2022-12-02 14:51:17,614 INFO     [33mPress CTRL+C to quit[0m
2022-12-02 14:51:17,615 INFO      * Restarting with stat
2022-12-02 14:51:18,324 INFO     =====API STARTED=====
2022-12-02 14:51:18,337 WARNING   * Debugger is active!
2022-12-02 14:51:18,339 INFO      * Debugger PIN: 112-621-135
2022-12-02 14:51:21,281 DEBUG    Writing Avro data file header:
{'magic': b'Obj\x01', 'meta': {'avro.codec': b'null', 'avro.schema': b'{"type": "record", "name": "departments", "namespace": "ejemplo.avro.avro", "fields": [{"type": "int", "name": "id"}, {"type": "string", "name": "department"}]}'}, 'sync': b'e\x9c\x8a\xb8\x866\x154\x9f\xa2\xc49U2\x08\xe1'}
Avro header schema:
{"type": "record", "name": "Header", "namespace": "org.apache.avro.file", "fields": [{"type": {"type": "fixed", "name": "magic", "namespace": "org.apache.avro.file", "size": 4}, "name": "magic"}, {"type": {"type": "map", "values": "bytes"}, "name": "meta"}, {"type": {"type": "fixed", "name": "sync", "namespace": "org.apache.avro.file", "size": 16}, "name": "sync"}]}
2022-12-02 14:51:21,282 DEBUG    Writing block with count=12 nbytes=164 sync=b'e\x9c\x8a\xb8\x866\x154\x9f\xa2\xc49U2\x08\xe1'
2022-12-02 14:51:21,283 INFO     127.0.0.1 - - [02/Dec/2022 14:51:21] "POST /api/create_avro HTTP/1.1" 200 -
2022-12-02 14:51:40,885 DEBUG    Writing Avro data file header:
{'magic': b'Obj\x01', 'meta': {'avro.codec': b'null', 'avro.schema': b'{"type": "record", "name": "departments", "namespace": "ejemplo.avro.avro", "fields": [{"type": "int", "name": "id"}, {"type": "string", "name": "department"}]}'}, 'sync': b'!\xa9\xd3\xb2\xb4\xf6\x9d`\xcf\xbd\xf0L\n%Y\xb0'}
Avro header schema:
{"type": "record", "name": "Header", "namespace": "org.apache.avro.file", "fields": [{"type": {"type": "fixed", "name": "magic", "namespace": "org.apache.avro.file", "size": 4}, "name": "magic"}, {"type": {"type": "map", "values": "bytes"}, "name": "meta"}, {"type": {"type": "fixed", "name": "sync", "namespace": "org.apache.avro.file", "size": 16}, "name": "sync"}]}
2022-12-02 14:51:40,885 DEBUG    Writing block with count=12 nbytes=164 sync=b'!\xa9\xd3\xb2\xb4\xf6\x9d`\xcf\xbd\xf0L\n%Y\xb0'
2022-12-02 14:51:40,885 INFO     127.0.0.1 - - [02/Dec/2022 14:51:40] "POST /api/create_avro HTTP/1.1" 200 -
2022-12-02 14:51:46,543 DEBUG    Writing Avro data file header:
{'magic': b'Obj\x01', 'meta': {'avro.codec': b'null', 'avro.schema': b'{"type": "record", "name": "departments", "namespace": "ejemplo2.avro.avro", "fields": [{"type": "int", "name": "id"}, {"type": "string", "name": "department"}]}'}, 'sync': b'\xef\x92gjC\xe8\x13,\xa8/W!\xa3?X\xaa'}
Avro header schema:
{"type": "record", "name": "Header", "namespace": "org.apache.avro.file", "fields": [{"type": {"type": "fixed", "name": "magic", "namespace": "org.apache.avro.file", "size": 4}, "name": "magic"}, {"type": {"type": "map", "values": "bytes"}, "name": "meta"}, {"type": {"type": "fixed", "name": "sync", "namespace": "org.apache.avro.file", "size": 16}, "name": "sync"}]}
2022-12-02 14:51:46,544 DEBUG    Writing block with count=12 nbytes=164 sync=b'\xef\x92gjC\xe8\x13,\xa8/W!\xa3?X\xaa'
2022-12-02 14:51:46,544 INFO     127.0.0.1 - - [02/Dec/2022 14:51:46] "POST /api/create_avro HTTP/1.1" 200 -
2022-12-02 15:24:38,470 INFO      * Detected change in 'C:\\Users\\danil\\Documents\\proyectos\\api_challenge\\src\\app.py', reloading
2022-12-02 15:24:38,560 INFO      * Restarting with stat
2022-12-02 15:24:39,952 INFO     =====API STARTED=====
2022-12-02 15:24:39,971 WARNING   * Debugger is active!
2022-12-02 15:24:39,974 INFO      * Debugger PIN: 112-621-135
2022-12-02 15:24:43,279 DEBUG    Writing Avro data file header:
{'magic': b'Obj\x01', 'meta': {'avro.codec': b'null', 'avro.schema': b'{"type": "record", "name": "departments", "namespace": "ejemplo2.avro.avro", "fields": [{"type": "int", "name": "id"}, {"type": "string", "name": "department"}]}'}, 'sync': b'\xdd\xe9\xb9X\xb9>2\xc8?\xb2\xa4\xcci\xfd\nZ'}
Avro header schema:
{"type": "record", "name": "Header", "namespace": "org.apache.avro.file", "fields": [{"type": {"type": "fixed", "name": "magic", "namespace": "org.apache.avro.file", "size": 4}, "name": "magic"}, {"type": {"type": "map", "values": "bytes"}, "name": "meta"}, {"type": {"type": "fixed", "name": "sync", "namespace": "org.apache.avro.file", "size": 16}, "name": "sync"}]}
2022-12-02 15:24:43,280 DEBUG    Writing block with count=12 nbytes=164 sync=b'\xdd\xe9\xb9X\xb9>2\xc8?\xb2\xa4\xcci\xfd\nZ'
2022-12-02 15:24:43,284 INFO     127.0.0.1 - - [02/Dec/2022 15:24:43] "POST /api/create_avro HTTP/1.1" 200 -
2022-12-02 15:25:36,687 INFO      * Detected change in 'C:\\Users\\danil\\Documents\\proyectos\\api_challenge\\src\\app.py', reloading
2022-12-02 15:25:36,754 INFO      * Restarting with stat
2022-12-02 15:25:37,542 INFO     =====API STARTED=====
2022-12-02 15:25:37,552 WARNING   * Debugger is active!
2022-12-02 15:25:37,555 INFO      * Debugger PIN: 112-621-135
2022-12-02 15:33:27,879 INFO      * Detected change in 'C:\\Users\\danil\\Documents\\proyectos\\api_challenge\\src\\app.py', reloading
2022-12-02 15:33:27,953 INFO      * Restarting with stat
2022-12-02 15:33:28,738 INFO     =====API STARTED=====
2022-12-02 15:33:28,747 WARNING   * Debugger is active!
2022-12-02 15:33:28,750 INFO      * Debugger PIN: 112-621-135
2022-12-02 15:54:24,369 INFO      * Detected change in 'C:\\Users\\danil\\Documents\\proyectos\\api_challenge\\src\\app.py', reloading
2022-12-02 15:54:24,448 INFO      * Restarting with stat
2022-12-02 15:54:25,625 INFO     =====API STARTED=====
2022-12-02 15:54:25,635 WARNING   * Debugger is active!
2022-12-02 15:54:25,636 INFO      * Debugger PIN: 112-621-135
2022-12-02 15:55:17,008 INFO      * Detected change in 'C:\\Users\\danil\\Documents\\proyectos\\api_challenge\\src\\app.py', reloading
2022-12-02 15:55:17,108 INFO      * Restarting with stat
2022-12-02 15:55:17,889 INFO     =====API STARTED=====
2022-12-02 15:55:17,898 WARNING   * Debugger is active!
2022-12-02 15:55:17,900 INFO      * Debugger PIN: 112-621-135
2022-12-02 15:56:56,463 INFO      * Detected change in 'C:\\Users\\danil\\Documents\\proyectos\\api_challenge\\src\\app.py', reloading
2022-12-02 15:56:56,541 INFO      * Restarting with stat
2022-12-02 16:05:20,117 INFO     =====API STARTED=====
2022-12-02 16:05:20,135 INFO     [31m[1mWARNING: This is a development server. Do not use it in a production deployment. Use a production WSGI server instead.[0m
 * Running on http://127.0.0.1:5000
2022-12-02 16:05:20,135 INFO     [33mPress CTRL+C to quit[0m
2022-12-02 16:05:20,136 INFO      * Restarting with stat
2022-12-02 16:05:20,765 INFO     =====API STARTED=====
2022-12-02 16:05:20,775 WARNING   * Debugger is active!
2022-12-02 16:05:20,778 INFO      * Debugger PIN: 112-621-135
2022-12-02 16:05:23,520 DEBUG    Writing Avro data file header:
{'magic': b'Obj\x01', 'meta': {'avro.codec': b'null', 'avro.schema': b'{"type": "record", "name": "departments", "namespace": "ejemplo2.avro.avro", "fields": [{"type": "int", "name": "id"}, {"type": "string", "name": "department"}]}'}, 'sync': b"'\xe0+t\xc1\x08\x82\xf7\x9c\xe8\x7fM\xc6\xc9\xf4y"}
Avro header schema:
{"type": "record", "name": "Header", "namespace": "org.apache.avro.file", "fields": [{"type": {"type": "fixed", "name": "magic", "namespace": "org.apache.avro.file", "size": 4}, "name": "magic"}, {"type": {"type": "map", "values": "bytes"}, "name": "meta"}, {"type": {"type": "fixed", "name": "sync", "namespace": "org.apache.avro.file", "size": 16}, "name": "sync"}]}
2022-12-02 16:05:23,520 DEBUG    Writing block with count=12 nbytes=164 sync=b"'\xe0+t\xc1\x08\x82\xf7\x9c\xe8\x7fM\xc6\xc9\xf4y"
2022-12-02 16:05:23,522 INFO     127.0.0.1 - - [02/Dec/2022 16:05:23] "POST /api/read_avro HTTP/1.1" 200 -
2022-12-02 16:08:29,369 INFO      * Detected change in 'C:\\Users\\danil\\Documents\\proyectos\\api_challenge\\src\\app.py', reloading
2022-12-02 16:08:29,470 INFO      * Restarting with stat
2022-12-02 16:08:30,663 INFO     =====API STARTED=====
2022-12-02 16:08:30,677 WARNING   * Debugger is active!
2022-12-02 16:08:30,679 INFO      * Debugger PIN: 112-621-135
2022-12-02 16:08:59,189 INFO      * Detected change in 'C:\\Users\\danil\\Documents\\proyectos\\api_challenge\\src\\app.py', reloading
2022-12-02 16:08:59,270 INFO      * Restarting with stat
2022-12-02 16:09:00,027 INFO     =====API STARTED=====
2022-12-02 16:09:00,038 WARNING   * Debugger is active!
2022-12-02 16:09:00,040 INFO      * Debugger PIN: 112-621-135
2022-12-02 16:09:04,317 INFO      * Detected change in 'C:\\Users\\danil\\Documents\\proyectos\\api_challenge\\src\\app.py', reloading
2022-12-02 16:09:04,389 INFO      * Restarting with stat
2022-12-02 16:09:05,513 INFO     =====API STARTED=====
2022-12-02 16:09:05,541 WARNING   * Debugger is active!
2022-12-02 16:09:05,547 INFO      * Debugger PIN: 112-621-135
2022-12-02 16:09:09,053 INFO     127.0.0.1 - - [02/Dec/2022 16:09:09] "POST /api/read_avro HTTP/1.1" 200 -
2022-12-02 16:10:25,841 INFO      * Detected change in 'C:\\Users\\danil\\Documents\\proyectos\\api_challenge\\src\\app.py', reloading
2022-12-02 16:10:25,946 INFO      * Restarting with stat
2022-12-02 16:10:26,706 INFO     =====API STARTED=====
2022-12-02 16:10:26,716 WARNING   * Debugger is active!
2022-12-02 16:10:26,718 INFO      * Debugger PIN: 112-621-135
2022-12-02 16:10:33,113 INFO     127.0.0.1 - - [02/Dec/2022 16:10:33] "POST /api/read_avro HTTP/1.1" 200 -
2022-12-02 16:10:36,597 INFO     127.0.0.1 - - [02/Dec/2022 16:10:36] "POST /api/read_avro HTTP/1.1" 200 -
2022-12-02 16:10:41,685 INFO     127.0.0.1 - - [02/Dec/2022 16:10:41] "POST /api/read_avro HTTP/1.1" 200 -
2022-12-02 16:13:32,332 INFO      * Detected change in 'C:\\Users\\danil\\Documents\\proyectos\\api_challenge\\src\\app.py', reloading
2022-12-02 16:13:32,409 INFO      * Restarting with stat
2022-12-02 16:13:34,254 INFO     =====API STARTED=====
2022-12-02 16:13:34,283 WARNING   * Debugger is active!
2022-12-02 16:13:34,286 INFO      * Debugger PIN: 112-621-135
2022-12-02 16:13:42,747 INFO     127.0.0.1 - - [02/Dec/2022 16:13:42] "POST /api/read_avro HTTP/1.1" 200 -
2022-12-02 16:16:27,128 INFO      * Detected change in 'C:\\Users\\danil\\Documents\\proyectos\\api_challenge\\src\\app.py', reloading
2022-12-02 16:16:27,197 INFO      * Restarting with stat
2022-12-02 16:16:28,371 INFO     =====API STARTED=====
2022-12-02 16:16:28,383 WARNING   * Debugger is active!
2022-12-02 16:16:28,386 INFO      * Debugger PIN: 112-621-135
2022-12-02 16:17:18,273 INFO     127.0.0.1 - - [02/Dec/2022 16:17:18] "[35m[1mGET /api/list_avro HTTP/1.1[0m" 500 -
2022-12-02 16:17:28,257 INFO      * Detected change in 'C:\\Users\\danil\\Documents\\proyectos\\api_challenge\\src\\app.py', reloading
2022-12-02 16:17:28,340 INFO      * Restarting with stat
2022-12-02 16:17:29,059 INFO     =====API STARTED=====
2022-12-02 16:17:29,070 WARNING   * Debugger is active!
2022-12-02 16:17:29,071 INFO      * Debugger PIN: 112-621-135
2022-12-02 16:17:31,779 INFO     =====API STARTED=====
2022-12-02 16:17:31,794 INFO     [31m[1mWARNING: This is a development server. Do not use it in a production deployment. Use a production WSGI server instead.[0m
 * Running on http://127.0.0.1:5000
2022-12-02 16:17:31,794 INFO     [33mPress CTRL+C to quit[0m
2022-12-02 16:17:31,795 INFO      * Restarting with stat
2022-12-02 16:17:32,415 INFO     =====API STARTED=====
2022-12-02 16:17:32,425 WARNING   * Debugger is active!
2022-12-02 16:17:32,427 INFO      * Debugger PIN: 112-621-135
2022-12-02 16:17:34,309 INFO     127.0.0.1 - - [02/Dec/2022 16:17:34] "GET /api/list_avro HTTP/1.1" 200 -
2022-12-02 16:19:04,572 INFO      * Detected change in 'C:\\Users\\danil\\Documents\\proyectos\\api_challenge\\src\\app.py', reloading
2022-12-02 16:19:04,651 INFO      * Restarting with stat
2022-12-02 16:19:05,470 INFO     =====API STARTED=====
2022-12-02 16:19:05,481 WARNING   * Debugger is active!
2022-12-02 16:19:05,483 INFO      * Debugger PIN: 112-621-135
2022-12-02 16:19:06,753 INFO     127.0.0.1 - - [02/Dec/2022 16:19:06] "GET /api/list_avro HTTP/1.1" 200 -
2022-12-02 16:19:49,577 INFO      * Detected change in 'C:\\Users\\danil\\Documents\\proyectos\\api_challenge\\src\\app.py', reloading
2022-12-02 16:19:49,651 INFO      * Restarting with stat
2022-12-02 16:19:50,421 INFO     =====API STARTED=====
2022-12-02 16:19:50,431 WARNING   * Debugger is active!
2022-12-02 16:19:50,433 INFO      * Debugger PIN: 112-621-135
2022-12-02 16:19:51,213 INFO     127.0.0.1 - - [02/Dec/2022 16:19:51] "GET /api/list_avro HTTP/1.1" 200 -
2022-12-02 16:20:31,337 INFO      * Detected change in 'C:\\Users\\danil\\Documents\\proyectos\\api_challenge\\src\\app.py', reloading
2022-12-02 16:20:31,425 INFO      * Restarting with stat
2022-12-02 16:20:32,264 INFO     =====API STARTED=====
2022-12-02 16:20:32,276 WARNING   * Debugger is active!
2022-12-02 16:20:32,278 INFO      * Debugger PIN: 112-621-135
2022-12-02 16:20:32,456 INFO     127.0.0.1 - - [02/Dec/2022 16:20:32] "GET /api/list_avro HTTP/1.1" 200 -
2022-12-02 16:20:56,454 INFO      * Detected change in 'C:\\Users\\danil\\Documents\\proyectos\\api_challenge\\src\\app.py', reloading
2022-12-02 16:20:56,573 INFO      * Restarting with stat
2022-12-02 16:20:57,340 INFO     =====API STARTED=====
2022-12-02 16:20:57,350 WARNING   * Debugger is active!
2022-12-02 16:20:57,352 INFO      * Debugger PIN: 112-621-135
2022-12-02 16:20:57,816 INFO     127.0.0.1 - - [02/Dec/2022 16:20:57] "GET /api/list_avro HTTP/1.1" 200 -
2022-12-02 16:21:08,947 INFO      * Detected change in 'C:\\Users\\danil\\Documents\\proyectos\\api_challenge\\src\\app.py', reloading
2022-12-02 16:21:09,034 INFO      * Restarting with stat
2022-12-02 16:21:09,837 INFO     =====API STARTED=====
2022-12-02 16:21:09,849 WARNING   * Debugger is active!
2022-12-02 16:21:09,851 INFO      * Debugger PIN: 112-621-135
2022-12-02 16:21:10,031 INFO     127.0.0.1 - - [02/Dec/2022 16:21:10] "GET /api/list_avro HTTP/1.1" 200 -
2022-12-02 16:21:49,700 INFO      * Detected change in 'C:\\Users\\danil\\Documents\\proyectos\\api_challenge\\src\\app.py', reloading
2022-12-02 16:21:49,832 INFO      * Restarting with stat
2022-12-02 16:21:50,600 INFO     =====API STARTED=====
2022-12-02 16:21:50,609 WARNING   * Debugger is active!
2022-12-02 16:21:50,612 INFO      * Debugger PIN: 112-621-135
2022-12-02 16:21:53,207 INFO     127.0.0.1 - - [02/Dec/2022 16:21:53] "GET /api/list_avro HTTP/1.1" 200 -
2022-12-02 16:21:59,115 INFO      * Detected change in 'C:\\Users\\danil\\Documents\\proyectos\\api_challenge\\src\\app.py', reloading
2022-12-02 16:21:59,187 INFO      * Restarting with stat
2022-12-02 16:22:00,042 INFO     =====API STARTED=====
2022-12-02 16:22:00,055 WARNING   * Debugger is active!
2022-12-02 16:22:00,057 INFO      * Debugger PIN: 112-621-135
2022-12-02 16:22:00,339 INFO     127.0.0.1 - - [02/Dec/2022 16:22:00] "GET /api/list_avro HTTP/1.1" 200 -
2022-12-02 16:22:50,687 INFO     127.0.0.1 - - [02/Dec/2022 16:22:50] "GET /api/list_avro HTTP/1.1" 200 -
2022-12-02 16:23:37,812 INFO     127.0.0.1 - - [02/Dec/2022 16:23:37] "GET /api/list_avro HTTP/1.1" 200 -
2022-12-02 16:23:44,112 INFO     127.0.0.1 - - [02/Dec/2022 16:23:44] "[35m[1mPOST /api/create_avro HTTP/1.1[0m" 500 -
2022-12-02 16:25:04,040 INFO     =====API STARTED=====
2022-12-02 16:25:04,057 INFO     [31m[1mWARNING: This is a development server. Do not use it in a production deployment. Use a production WSGI server instead.[0m
 * Running on http://127.0.0.1:5000
2022-12-02 16:25:04,057 INFO     [33mPress CTRL+C to quit[0m
2022-12-02 16:25:04,058 INFO      * Restarting with stat
2022-12-02 16:25:04,669 INFO     =====API STARTED=====
2022-12-02 16:25:04,678 WARNING   * Debugger is active!
2022-12-02 16:25:04,680 INFO      * Debugger PIN: 112-621-135
2022-12-02 16:25:09,196 INFO     127.0.0.1 - - [02/Dec/2022 16:25:09] "[35m[1mPOST /api/create_avro HTTP/1.1[0m" 500 -
2022-12-02 16:28:32,920 INFO      * Detected change in 'C:\\Users\\danil\\Documents\\proyectos\\api_challenge\\src\\app.py', reloading
2022-12-02 16:28:32,997 INFO      * Restarting with stat
2022-12-02 16:28:34,141 INFO     =====API STARTED=====
2022-12-02 16:28:34,152 WARNING   * Debugger is active!
2022-12-02 16:28:34,153 INFO      * Debugger PIN: 112-621-135
2022-12-02 16:28:36,147 INFO     =====API STARTED=====
2022-12-02 16:28:36,160 INFO     [31m[1mWARNING: This is a development server. Do not use it in a production deployment. Use a production WSGI server instead.[0m
 * Running on http://127.0.0.1:5000
2022-12-02 16:28:36,161 INFO     [33mPress CTRL+C to quit[0m
2022-12-02 16:28:36,162 INFO      * Restarting with stat
2022-12-02 16:28:36,822 INFO     =====API STARTED=====
2022-12-02 16:28:36,834 WARNING   * Debugger is active!
2022-12-02 16:28:36,837 INFO      * Debugger PIN: 112-621-135
2022-12-02 16:28:38,019 INFO     127.0.0.1 - - [02/Dec/2022 16:28:38] "POST /api/create_avro HTTP/1.1" 200 -
2022-12-02 16:29:52,397 INFO      * Detected change in 'C:\\Users\\danil\\Documents\\proyectos\\api_challenge\\src\\app.py', reloading
2022-12-02 16:29:52,469 INFO      * Restarting with stat
2022-12-02 16:29:53,389 INFO     =====API STARTED=====
2022-12-02 16:29:53,399 WARNING   * Debugger is active!
2022-12-02 16:29:53,401 INFO      * Debugger PIN: 112-621-135
2022-12-02 16:29:54,033 INFO     127.0.0.1 - - [02/Dec/2022 16:29:54] "POST /api/create_avro HTTP/1.1" 200 -
2022-12-02 16:30:03,978 INFO      * Detected change in 'C:\\Users\\danil\\Documents\\proyectos\\api_challenge\\src\\app.py', reloading
2022-12-02 16:30:04,042 INFO      * Restarting with stat
2022-12-02 16:30:04,866 INFO     =====API STARTED=====
2022-12-02 16:30:04,877 WARNING   * Debugger is active!
2022-12-02 16:30:04,879 INFO      * Debugger PIN: 112-621-135
2022-12-02 16:30:04,940 INFO     127.0.0.1 - - [02/Dec/2022 16:30:04] "POST /api/create_avro HTTP/1.1" 200 -
2022-12-02 16:30:25,934 INFO      * Detected change in 'C:\\Users\\danil\\Documents\\proyectos\\api_challenge\\src\\app.py', reloading
2022-12-02 16:30:26,026 INFO      * Restarting with stat
2022-12-02 16:30:26,829 INFO     =====API STARTED=====
2022-12-02 16:30:26,841 WARNING   * Debugger is active!
2022-12-02 16:30:26,843 INFO      * Debugger PIN: 112-621-135
2022-12-02 16:30:26,909 INFO     127.0.0.1 - - [02/Dec/2022 16:30:26] "POST /api/create_avro HTTP/1.1" 200 -
2022-12-02 16:30:42,653 INFO      * Detected change in 'C:\\Users\\danil\\Documents\\proyectos\\api_challenge\\src\\app.py', reloading
2022-12-02 16:30:42,718 INFO      * Restarting with stat
2022-12-02 16:30:43,477 INFO     =====API STARTED=====
2022-12-02 16:30:43,488 WARNING   * Debugger is active!
2022-12-02 16:30:43,490 INFO      * Debugger PIN: 112-621-135
2022-12-02 16:30:45,099 INFO     127.0.0.1 - - [02/Dec/2022 16:30:45] "POST /api/create_avro HTTP/1.1" 200 -
2022-12-02 16:31:31,742 INFO      * Detected change in 'C:\\Users\\danil\\Documents\\proyectos\\api_challenge\\src\\app.py', reloading
2022-12-02 16:31:31,848 INFO      * Restarting with stat
2022-12-02 16:31:32,769 INFO     =====API STARTED=====
2022-12-02 16:31:32,784 WARNING   * Debugger is active!
2022-12-02 16:31:32,786 INFO      * Debugger PIN: 112-621-135
2022-12-02 16:31:32,850 INFO     127.0.0.1 - - [02/Dec/2022 16:31:32] "POST /api/create_avro HTTP/1.1" 200 -
2022-12-02 16:32:01,190 INFO      * Detected change in 'C:\\Users\\danil\\Documents\\proyectos\\api_challenge\\src\\app.py', reloading
2022-12-02 16:32:01,285 INFO      * Restarting with stat
2022-12-02 16:32:02,254 INFO     =====API STARTED=====
2022-12-02 16:32:02,267 WARNING   * Debugger is active!
2022-12-02 16:32:02,269 INFO      * Debugger PIN: 112-621-135
2022-12-02 16:32:02,742 INFO     127.0.0.1 - - [02/Dec/2022 16:32:02] "POST /api/create_avro HTTP/1.1" 200 -
2022-12-02 16:33:53,273 INFO      * Detected change in 'C:\\Users\\danil\\Documents\\proyectos\\api_challenge\\src\\app.py', reloading
2022-12-02 16:33:53,360 INFO      * Restarting with stat
2022-12-02 16:33:54,111 INFO     =====API STARTED=====
2022-12-02 16:33:54,127 WARNING   * Debugger is active!
2022-12-02 16:33:54,129 INFO      * Debugger PIN: 112-621-135
2022-12-02 16:34:28,761 INFO      * Detected change in 'C:\\Users\\danil\\Documents\\proyectos\\api_challenge\\src\\app.py', reloading
2022-12-02 16:34:28,840 INFO      * Restarting with stat
2022-12-02 16:34:29,583 INFO     =====API STARTED=====
2022-12-02 16:34:29,594 WARNING   * Debugger is active!
2022-12-02 16:34:29,596 INFO      * Debugger PIN: 112-621-135
2022-12-02 16:34:39,088 INFO      * Detected change in 'C:\\Users\\danil\\Documents\\proyectos\\api_challenge\\src\\app.py', reloading
2022-12-02 16:34:39,158 INFO      * Restarting with stat
2022-12-02 16:34:39,847 INFO     =====API STARTED=====
2022-12-02 16:34:39,858 WARNING   * Debugger is active!
2022-12-02 16:34:39,860 INFO      * Debugger PIN: 112-621-135
2022-12-02 16:34:40,669 DEBUG    Writing Avro data file header:
{'magic': b'Obj\x01', 'meta': {'avro.codec': b'null', 'avro.schema': b'{"type": "record", "name": "departments", "namespace": "departments_ejemplo2.avro", "fields": [{"type": "int", "name": "id"}, {"type": "string", "name": "department"}]}'}, 'sync': b'\xa8\xb0\xd5\x8a\xa5\xab\xc7\xe2\xff^\x9c\x81\x1c>\xb0\x02'}
Avro header schema:
{"type": "record", "name": "Header", "namespace": "org.apache.avro.file", "fields": [{"type": {"type": "fixed", "name": "magic", "namespace": "org.apache.avro.file", "size": 4}, "name": "magic"}, {"type": {"type": "map", "values": "bytes"}, "name": "meta"}, {"type": {"type": "fixed", "name": "sync", "namespace": "org.apache.avro.file", "size": 16}, "name": "sync"}]}
2022-12-02 16:34:40,669 DEBUG    Writing block with count=12 nbytes=164 sync=b'\xa8\xb0\xd5\x8a\xa5\xab\xc7\xe2\xff^\x9c\x81\x1c>\xb0\x02'
2022-12-02 16:34:40,669 INFO     127.0.0.1 - - [02/Dec/2022 16:34:40] "POST /api/create_avro HTTP/1.1" 200 -
2022-12-02 16:35:00,068 INFO     127.0.0.1 - - [02/Dec/2022 16:35:00] "GET /api/list_avro HTTP/1.1" 200 -
2022-12-02 16:35:25,076 INFO      * Detected change in 'C:\\Users\\danil\\Documents\\proyectos\\api_challenge\\src\\app.py', reloading
2022-12-02 16:35:25,155 INFO      * Restarting with stat
2022-12-02 16:35:25,914 INFO     =====API STARTED=====
2022-12-02 16:35:25,928 WARNING   * Debugger is active!
2022-12-02 16:35:25,930 INFO      * Debugger PIN: 112-621-135
2022-12-02 16:35:33,128 INFO     127.0.0.1 - - [02/Dec/2022 16:35:33] "POST /api/read_avro HTTP/1.1" 200 -
2022-12-02 16:36:43,513 INFO      * Detected change in 'C:\\Users\\danil\\Documents\\proyectos\\api_challenge\\src\\app.py', reloading
2022-12-02 16:36:43,594 INFO      * Restarting with stat
2022-12-02 16:36:44,334 INFO     =====API STARTED=====
2022-12-02 16:36:44,345 WARNING   * Debugger is active!
2022-12-02 16:36:44,347 INFO      * Debugger PIN: 112-621-135
2022-12-02 16:41:38,565 INFO     127.0.0.1 - - [02/Dec/2022 16:41:38] "POST /api/create_avro HTTP/1.1" 200 -
2022-12-02 16:44:43,500 INFO      * Detected change in 'C:\\Users\\danil\\Documents\\proyectos\\api_challenge\\src\\app.py', reloading
2022-12-02 16:44:43,576 INFO      * Restarting with stat
2022-12-02 16:44:44,577 INFO     =====API STARTED=====
2022-12-02 16:44:44,587 WARNING   * Debugger is active!
2022-12-02 16:44:44,589 INFO      * Debugger PIN: 112-621-135
2022-12-02 16:44:55,063 DEBUG    Writing Avro data file header:
{'magic': b'Obj\x01', 'meta': {'avro.codec': b'null', 'avro.schema': b'{"type": "record", "name": "hired_employees", "namespace": "hired_employees_ejem.avro", "fields": [{"type": "int", "name": "id"}, {"type": "string", "name": "name"}, {"type": "string", "name": "datetime"}, {"type": "int", "name": "department_id"}, {"type": "int", "name": "job_id"}]}'}, 'sync': b'=\xed\x1d=\r\x17\xe2\x95S\xbc\xd4Z\xfe\xe3\x84\xed'}
Avro header schema:
{"type": "record", "name": "Header", "namespace": "org.apache.avro.file", "fields": [{"type": {"type": "fixed", "name": "magic", "namespace": "org.apache.avro.file", "size": 4}, "name": "magic"}, {"type": {"type": "map", "values": "bytes"}, "name": "meta"}, {"type": {"type": "fixed", "name": "sync", "namespace": "org.apache.avro.file", "size": 16}, "name": "sync"}]}
2022-12-02 16:44:55,063 DEBUG    Writing block with count=407 nbytes=16006 sync=b'=\xed\x1d=\r\x17\xe2\x95S\xbc\xd4Z\xfe\xe3\x84\xed'
2022-12-02 16:44:55,071 DEBUG    Writing block with count=407 nbytes=16026 sync=b'=\xed\x1d=\r\x17\xe2\x95S\xbc\xd4Z\xfe\xe3\x84\xed'
2022-12-02 16:44:55,081 DEBUG    Writing block with count=406 nbytes=16005 sync=b'=\xed\x1d=\r\x17\xe2\x95S\xbc\xd4Z\xfe\xe3\x84\xed'
2022-12-02 16:44:55,087 DEBUG    Writing block with count=408 nbytes=16022 sync=b'=\xed\x1d=\r\x17\xe2\x95S\xbc\xd4Z\xfe\xe3\x84\xed'
2022-12-02 16:44:55,092 DEBUG    Writing block with count=320 nbytes=12709 sync=b'=\xed\x1d=\r\x17\xe2\x95S\xbc\xd4Z\xfe\xe3\x84\xed'
2022-12-02 16:44:55,095 INFO     127.0.0.1 - - [02/Dec/2022 16:44:55] "POST /api/create_avro HTTP/1.1" 200 -
2022-12-02 16:45:01,481 INFO     127.0.0.1 - - [02/Dec/2022 16:45:01] "GET /api/list_avro HTTP/1.1" 200 -
2022-12-02 16:45:14,155 INFO     127.0.0.1 - - [02/Dec/2022 16:45:14] "POST /api/read_avro HTTP/1.1" 200 -
2022-12-02 16:46:07,618 INFO      * Detected change in 'C:\\Users\\danil\\Documents\\proyectos\\api_challenge\\src\\app.py', reloading
2022-12-02 16:46:07,684 INFO      * Restarting with stat
2022-12-02 16:46:08,710 INFO     =====API STARTED=====
2022-12-02 16:46:08,722 WARNING   * Debugger is active!
2022-12-02 16:46:08,725 INFO      * Debugger PIN: 112-621-135
2022-12-02 16:46:15,749 INFO     127.0.0.1 - - [02/Dec/2022 16:46:15] "POST /api/create_avro HTTP/1.1" 200 -
2022-12-02 16:47:57,808 INFO      * Detected change in 'C:\\Users\\danil\\Documents\\proyectos\\api_challenge\\src\\app.py', reloading
2022-12-02 16:47:57,880 INFO      * Restarting with stat
2022-12-02 16:47:58,524 INFO     =====API STARTED=====
2022-12-02 16:47:58,535 WARNING   * Debugger is active!
2022-12-02 16:47:58,537 INFO      * Debugger PIN: 112-621-135
2022-12-02 16:56:54,678 INFO      * Detected change in 'C:\\Users\\danil\\Documents\\proyectos\\api_challenge\\src\\app.py', reloading
2022-12-02 16:56:54,776 INFO      * Restarting with stat
2022-12-02 16:56:55,617 INFO     =====API STARTED=====
2022-12-02 16:56:55,628 WARNING   * Debugger is active!
2022-12-02 16:56:55,630 INFO      * Debugger PIN: 112-621-135
2022-12-02 17:00:53,411 INFO      * Detected change in 'C:\\Users\\danil\\Documents\\proyectos\\api_challenge\\src\\app.py', reloading
2022-12-02 17:00:53,478 INFO      * Restarting with stat
2022-12-02 17:00:54,216 INFO     =====API STARTED=====
2022-12-02 17:00:54,230 WARNING   * Debugger is active!
2022-12-02 17:00:54,232 INFO      * Debugger PIN: 112-621-135
2022-12-02 17:01:57,116 INFO      * Detected change in 'C:\\Users\\danil\\Documents\\proyectos\\api_challenge\\src\\app.py', reloading
2022-12-02 17:01:57,186 INFO      * Restarting with stat
2022-12-02 17:01:57,915 INFO     =====API STARTED=====
2022-12-02 17:01:57,925 WARNING   * Debugger is active!
2022-12-02 17:01:57,927 INFO      * Debugger PIN: 112-621-135
2022-12-02 17:04:28,229 INFO      * Detected change in 'C:\\Users\\danil\\Documents\\proyectos\\api_challenge\\src\\app.py', reloading
2022-12-02 17:04:28,307 INFO      * Restarting with stat
2022-12-02 17:04:29,141 INFO     =====API STARTED=====
2022-12-02 17:04:29,155 WARNING   * Debugger is active!
2022-12-02 17:04:29,157 INFO      * Debugger PIN: 112-621-135
2022-12-02 17:04:40,801 INFO      * Detected change in 'C:\\Users\\danil\\Documents\\proyectos\\api_challenge\\src\\app.py', reloading
2022-12-02 17:04:40,875 INFO      * Restarting with stat
2022-12-02 17:04:41,603 INFO     =====API STARTED=====
2022-12-02 17:04:41,614 WARNING   * Debugger is active!
2022-12-02 17:04:41,617 INFO      * Debugger PIN: 112-621-135
2022-12-02 17:05:00,969 INFO     127.0.0.1 - - [02/Dec/2022 17:05:00] "GET /api/list_avro HTTP/1.1" 200 -
2022-12-02 17:05:39,813 INFO     127.0.0.1 - - [02/Dec/2022 17:05:39] "[35m[1mPOST /api/upload_avro HTTP/1.1[0m" 500 -
2022-12-02 17:07:32,939 INFO      * Detected change in 'C:\\Users\\danil\\Documents\\proyectos\\api_challenge\\src\\app.py', reloading
2022-12-02 17:07:33,009 INFO      * Restarting with stat
2022-12-02 17:07:34,329 INFO     =====API STARTED=====
2022-12-02 17:07:34,342 WARNING   * Debugger is active!
2022-12-02 17:07:34,345 INFO      * Debugger PIN: 112-621-135
2022-12-02 17:07:35,246 INFO     127.0.0.1 - - [02/Dec/2022 17:07:35] "POST /api/upload_avro HTTP/1.1" 200 -
2022-12-02 17:08:33,539 INFO     127.0.0.1 - - [02/Dec/2022 17:08:33] "POST /api/upload_avro HTTP/1.1" 200 -
2022-12-02 17:09:04,139 INFO     127.0.0.1 - - [02/Dec/2022 17:09:04] "[35m[1mPOST /api/upload_avro HTTP/1.1[0m" 500 -
2022-12-02 17:09:20,608 INFO      * Detected change in 'C:\\Users\\danil\\Documents\\proyectos\\api_challenge\\src\\app.py', reloading
2022-12-02 17:09:20,692 INFO      * Restarting with stat
2022-12-02 17:09:21,463 INFO     =====API STARTED=====
2022-12-02 17:09:21,475 WARNING   * Debugger is active!
2022-12-02 17:09:21,477 INFO      * Debugger PIN: 112-621-135
2022-12-02 17:09:25,419 INFO     =====API STARTED=====
2022-12-02 17:09:25,436 INFO     [31m[1mWARNING: This is a development server. Do not use it in a production deployment. Use a production WSGI server instead.[0m
 * Running on http://127.0.0.1:5000
2022-12-02 17:09:25,436 INFO     [33mPress CTRL+C to quit[0m
2022-12-02 17:09:25,437 INFO      * Restarting with stat
2022-12-02 17:09:26,120 INFO     =====API STARTED=====
2022-12-02 17:09:26,136 WARNING   * Debugger is active!
2022-12-02 17:09:26,139 INFO      * Debugger PIN: 112-621-135
2022-12-02 17:09:28,185 INFO     127.0.0.1 - - [02/Dec/2022 17:09:28] "POST /api/upload_avro HTTP/1.1" 200 -
2022-12-02 17:10:03,530 INFO     127.0.0.1 - - [02/Dec/2022 17:10:03] "POST /api/upload_avro HTTP/1.1" 200 -
