2022-12-02 18:16:21,827 INFO     =====API STARTED=====
2022-12-02 18:16:21,862 INFO     [31m[1mWARNING: This is a development server. Do not use it in a production deployment. Use a production WSGI server instead.[0m
 * Running on http://127.0.0.1:5000
2022-12-02 18:16:21,862 INFO     [33mPress CTRL+C to quit[0m
2022-12-02 18:16:21,864 INFO      * Restarting with stat
2022-12-02 18:16:22,490 INFO     =====API STARTED=====
2022-12-02 18:16:22,500 WARNING   * Debugger is active!
2022-12-02 18:16:22,502 INFO      * Debugger PIN: 112-621-135
2022-12-02 18:16:28,867 INFO      * Detected change in 'C:\\Users\\danil\\Documents\\proyectos\\api_challenge\\src\\app.py', reloading
2022-12-02 18:16:28,934 INFO      * Restarting with stat
2022-12-02 18:16:29,551 INFO     =====API STARTED=====
2022-12-02 18:16:29,563 WARNING   * Debugger is active!
2022-12-02 18:16:29,565 INFO      * Debugger PIN: 112-621-135
2022-12-02 18:19:17,447 INFO     =====API STARTED=====
2022-12-02 18:19:17,463 INFO     [31m[1mWARNING: This is a development server. Do not use it in a production deployment. Use a production WSGI server instead.[0m
 * Running on http://127.0.0.1:5000
2022-12-02 18:19:17,463 INFO     [33mPress CTRL+C to quit[0m
2022-12-02 18:19:17,464 INFO      * Restarting with stat
2022-12-02 18:19:18,080 INFO     =====API STARTED=====
2022-12-02 18:19:18,090 WARNING   * Debugger is active!
2022-12-02 18:19:18,092 INFO      * Debugger PIN: 112-621-135
2022-12-02 18:19:33,313 DEBUG    Writing Avro data file header:
{'magic': b'Obj\x01', 'meta': {'avro.codec': b'null', 'avro.schema': b'{"type": "record", "name": "departments", "namespace": "departments_ejem.avro", "fields": [{"type": "int", "name": "id"}, {"type": "string", "name": "department"}]}'}, 'sync': b"\x8e\xe5'}MY\xd6\x0c\xdd4*\xaaL\x9b=J"}
Avro header schema:
{"type": "record", "name": "Header", "namespace": "org.apache.avro.file", "fields": [{"type": {"type": "fixed", "name": "magic", "namespace": "org.apache.avro.file", "size": 4}, "name": "magic"}, {"type": {"type": "map", "values": "bytes"}, "name": "meta"}, {"type": {"type": "fixed", "name": "sync", "namespace": "org.apache.avro.file", "size": 16}, "name": "sync"}]}
2022-12-02 18:19:33,314 DEBUG    Writing block with count=12 nbytes=164 sync=b"\x8e\xe5'}MY\xd6\x0c\xdd4*\xaaL\x9b=J"
2022-12-02 18:19:33,315 INFO     127.0.0.1 - - [02/Dec/2022 18:19:33] "POST /api/create_avro HTTP/1.1" 200 -
2022-12-02 18:20:02,170 INFO      * Detected change in 'C:\\Users\\danil\\Documents\\proyectos\\api_challenge\\src\\app.py', reloading
2022-12-02 18:20:02,282 INFO      * Restarting with stat
2022-12-02 18:20:03,038 INFO     =====API STARTED=====
2022-12-02 18:20:03,049 WARNING   * Debugger is active!
2022-12-02 18:20:03,051 INFO      * Debugger PIN: 112-621-135
2022-12-02 18:20:06,143 DEBUG    Writing Avro data file header:
{'magic': b'Obj\x01', 'meta': {'avro.codec': b'null', 'avro.schema': b'{"type": "record", "name": "departments", "namespace": "departments_ejem.avro", "fields": [{"type": "int", "name": "id"}, {"type": "string", "name": "department"}]}'}, 'sync': b'C\\\xe2\x99\x05JM\xa7\xdby\xd9SM(T\xe9'}
Avro header schema:
{"type": "record", "name": "Header", "namespace": "org.apache.avro.file", "fields": [{"type": {"type": "fixed", "name": "magic", "namespace": "org.apache.avro.file", "size": 4}, "name": "magic"}, {"type": {"type": "map", "values": "bytes"}, "name": "meta"}, {"type": {"type": "fixed", "name": "sync", "namespace": "org.apache.avro.file", "size": 16}, "name": "sync"}]}
2022-12-02 18:20:06,143 DEBUG    Writing block with count=12 nbytes=164 sync=b'C\\\xe2\x99\x05JM\xa7\xdby\xd9SM(T\xe9'
2022-12-02 18:20:06,144 INFO     127.0.0.1 - - [02/Dec/2022 18:20:06] "POST /api/create_avro HTTP/1.1" 200 -
2022-12-02 18:21:04,952 INFO      * Detected change in 'C:\\Users\\danil\\Documents\\proyectos\\api_challenge\\src\\app.py', reloading
2022-12-02 18:21:05,017 INFO      * Restarting with stat
2022-12-02 18:21:05,766 INFO     =====API STARTED=====
2022-12-02 18:21:05,776 WARNING   * Debugger is active!
2022-12-02 18:21:05,779 INFO      * Debugger PIN: 112-621-135
2022-12-02 18:21:35,680 INFO     127.0.0.1 - - [02/Dec/2022 18:21:35] "GET /api/list_avro HTTP/1.1" 200 -
2022-12-02 18:21:48,857 INFO      * Detected change in 'C:\\Users\\danil\\Documents\\proyectos\\api_challenge\\src\\app.py', reloading
2022-12-02 18:21:48,985 INFO      * Restarting with stat
2022-12-02 18:21:49,764 INFO     =====API STARTED=====
2022-12-02 18:21:49,774 WARNING   * Debugger is active!
2022-12-02 18:21:49,777 INFO      * Debugger PIN: 112-621-135
2022-12-02 18:21:50,123 INFO     127.0.0.1 - - [02/Dec/2022 18:21:50] "GET /api/list_avro HTTP/1.1" 200 -
2022-12-02 18:22:49,542 INFO      * Detected change in 'C:\\Users\\danil\\Documents\\proyectos\\api_challenge\\src\\app.py', reloading
2022-12-02 18:22:49,611 INFO      * Restarting with stat
2022-12-02 18:22:50,465 INFO     =====API STARTED=====
2022-12-02 18:22:50,477 WARNING   * Debugger is active!
2022-12-02 18:22:50,479 INFO      * Debugger PIN: 112-621-135
2022-12-02 18:22:51,169 INFO     127.0.0.1 - - [02/Dec/2022 18:22:51] "GET /api/list_avro HTTP/1.1" 200 -
2022-12-02 18:22:57,940 INFO      * Detected change in 'C:\\Users\\danil\\Documents\\proyectos\\api_challenge\\src\\app.py', reloading
2022-12-02 18:22:58,010 INFO      * Restarting with stat
2022-12-02 18:22:58,817 INFO     =====API STARTED=====
2022-12-02 18:22:58,827 WARNING   * Debugger is active!
2022-12-02 18:22:58,830 INFO      * Debugger PIN: 112-621-135
2022-12-02 18:22:59,275 INFO     127.0.0.1 - - [02/Dec/2022 18:22:59] "GET /api/list_avro HTTP/1.1" 200 -
2022-12-02 18:23:17,766 INFO      * Detected change in 'C:\\Users\\danil\\Documents\\proyectos\\api_challenge\\src\\app.py', reloading
2022-12-02 18:23:17,843 INFO      * Restarting with stat
2022-12-02 18:23:18,582 INFO     =====API STARTED=====
2022-12-02 18:23:18,593 WARNING   * Debugger is active!
2022-12-02 18:23:18,596 INFO      * Debugger PIN: 112-621-135
2022-12-02 18:23:48,709 INFO     127.0.0.1 - - [02/Dec/2022 18:23:48] "[35m[1mPOST /api/upload_avro HTTP/1.1[0m" 500 -
2022-12-02 18:24:45,581 INFO      * Detected change in 'C:\\Users\\danil\\Documents\\proyectos\\api_challenge\\src\\app.py', reloading
2022-12-02 18:24:45,650 INFO      * Restarting with stat
2022-12-02 18:24:46,381 INFO     =====API STARTED=====
2022-12-02 18:24:46,391 WARNING   * Debugger is active!
2022-12-02 18:24:46,393 INFO      * Debugger PIN: 112-621-135
2022-12-02 18:24:51,598 INFO     127.0.0.1 - - [02/Dec/2022 18:24:51] "POST /api/upload_avro HTTP/1.1" 200 -
2022-12-02 18:25:06,414 INFO      * Detected change in 'C:\\Users\\danil\\Documents\\proyectos\\api_challenge\\src\\app.py', reloading
2022-12-02 18:25:06,496 INFO      * Restarting with stat
